This file contains any messages produced by compilers while
running configure, to aid debugging if configure makes a mistake.

It was created by thunar-shares-plugin configure 0.2.1-git-UNKNOWN, which was
generated by GNU Autoconf 2.69.  Invocation command line was

  $ ./configure --enable-maintainer-mode --prefix=/usr --enable-debug=no

## --------- ##
## Platform. ##
## --------- ##

hostname = linux-workstation
uname -m = x86_64
uname -r = 3.13.0-46-generic
uname -s = Linux
uname -v = #76-Ubuntu SMP Thu Feb 26 18:52:13 UTC 2015

/usr/bin/uname -p = unknown
/bin/uname -X     = unknown

/bin/arch              = unknown
/usr/bin/arch -k       = unknown
/usr/convex/getsysinfo = unknown
/usr/bin/hostinfo      = unknown
/bin/machine           = unknown
/usr/bin/oslevel       = unknown
/bin/universe          = unknown

PATH: /usr/local/opt/coreutils/libexec/gnubin
PATH: /home/ricci/bin
PATH: /usr/local/bin
PATH: /usr/bin
PATH: /bin
PATH: /usr/sbin
PATH: /sbin


## ----------- ##
## Core tests. ##
## ----------- ##

configure:2341: checking build system type
configure:2355: result: x86_64-unknown-linux-gnu
configure:2375: checking host system type
configure:2388: result: x86_64-unknown-linux-gnu
configure:2408: checking target system type
configure:2421: result: x86_64-unknown-linux-gnu
configure:2464: checking for a BSD-compatible install
configure:2532: result: /usr/bin/install -c
configure:2543: checking whether build environment is sane
configure:2598: result: yes
configure:2749: checking for a thread-safe mkdir -p
configure:2788: result: /bin/mkdir -p
configure:2795: checking for gawk
configure:2825: result: no
configure:2795: checking for mawk
configure:2811: found /usr/bin/mawk
configure:2822: result: mawk
configure:2833: checking whether make sets $(MAKE)
configure:2855: result: yes
configure:2884: checking whether make supports nested variables
configure:2901: result: yes
configure:3029: checking whether to enable maintainer-specific portions of Makefiles
configure:3038: result: yes
configure:3064: checking for style of include used by make
configure:3092: result: GNU
configure:3163: checking for gcc
configure:3179: found /usr/bin/gcc
configure:3190: result: gcc
configure:3419: checking for C compiler version
configure:3428: gcc --version >&5
gcc (Ubuntu 4.8.2-19ubuntu1) 4.8.2
Copyright (C) 2013 Free Software Foundation, Inc.
This is free software; see the source for copying conditions.  There is NO
warranty; not even for MERCHANTABILITY or FITNESS FOR A PARTICULAR PURPOSE.

configure:3439: $? = 0
configure:3428: gcc -v >&5
Using built-in specs.
COLLECT_GCC=gcc
COLLECT_LTO_WRAPPER=/usr/lib/gcc/x86_64-linux-gnu/4.8/lto-wrapper
Target: x86_64-linux-gnu
Configured with: ../src/configure -v --with-pkgversion='Ubuntu 4.8.2-19ubuntu1' --with-bugurl=file:///usr/share/doc/gcc-4.8/README.Bugs --enable-languages=c,c++,java,go,d,fortran,objc,obj-c++ --prefix=/usr --program-suffix=-4.8 --enable-shared --enable-linker-build-id --libexecdir=/usr/lib --without-included-gettext --enable-threads=posix --with-gxx-include-dir=/usr/include/c++/4.8 --libdir=/usr/lib --enable-nls --with-sysroot=/ --enable-clocale=gnu --enable-libstdcxx-debug --enable-libstdcxx-time=yes --enable-gnu-unique-object --disable-libmudflap --enable-plugin --with-system-zlib --disable-browser-plugin --enable-java-awt=gtk --enable-gtk-cairo --with-java-home=/usr/lib/jvm/java-1.5.0-gcj-4.8-amd64/jre --enable-java-home --with-jvm-root-dir=/usr/lib/jvm/java-1.5.0-gcj-4.8-amd64 --with-jvm-jar-dir=/usr/lib/jvm-exports/java-1.5.0-gcj-4.8-amd64 --with-arch-directory=amd64 --with-ecj-jar=/usr/share/java/eclipse-ecj.jar --enable-objc-gc --enable-multiarch --disable-werror --with-arch-32=i686 --with-abi=m64 --with-multilib-list=m32,m64,mx32 --with-tune=generic --enable-checking=release --build=x86_64-linux-gnu --host=x86_64-linux-gnu --target=x86_64-linux-gnu
Thread model: posix
gcc version 4.8.2 (Ubuntu 4.8.2-19ubuntu1) 
configure:3439: $? = 0
configure:3428: gcc -V >&5
gcc: error: unrecognized command line option '-V'
gcc: fatal error: no input files
compilation terminated.
configure:3439: $? = 4
configure:3428: gcc -qversion >&5
gcc: error: unrecognized command line option '-qversion'
gcc: fatal error: no input files
compilation terminated.
configure:3439: $? = 4
configure:3459: checking whether the C compiler works
configure:3481: gcc    conftest.c  >&5
configure:3485: $? = 0
configure:3533: result: yes
configure:3536: checking for C compiler default output file name
configure:3538: result: a.out
configure:3544: checking for suffix of executables
configure:3551: gcc -o conftest    conftest.c  >&5
configure:3555: $? = 0
configure:3577: result: 
configure:3599: checking whether we are cross compiling
configure:3607: gcc -o conftest    conftest.c  >&5
configure:3611: $? = 0
configure:3618: ./conftest
configure:3622: $? = 0
configure:3637: result: no
configure:3642: checking for suffix of object files
configure:3664: gcc -c   conftest.c >&5
configure:3668: $? = 0
configure:3689: result: o
configure:3693: checking whether we are using the GNU C compiler
configure:3712: gcc -c   conftest.c >&5
configure:3712: $? = 0
configure:3721: result: yes
configure:3730: checking whether gcc accepts -g
configure:3750: gcc -c -g  conftest.c >&5
configure:3750: $? = 0
configure:3791: result: yes
configure:3808: checking for gcc option to accept ISO C89
configure:3871: gcc  -c -g -O2  conftest.c >&5
configure:3871: $? = 0
configure:3884: result: none needed
configure:3909: checking whether gcc understands -c and -o together
configure:3931: gcc -c conftest.c -o conftest2.o
configure:3934: $? = 0
configure:3931: gcc -c conftest.c -o conftest2.o
configure:3934: $? = 0
configure:3946: result: yes
configure:3965: checking dependency style of gcc
configure:4076: result: gcc3
configure:4092: checking for library containing strerror
configure:4123: gcc -o conftest -g -O2   conftest.c  >&5
configure:4123: $? = 0
configure:4140: result: none required
configure:4153: checking how to run the C preprocessor
configure:4184: gcc -E  conftest.c
configure:4184: $? = 0
configure:4198: gcc -E  conftest.c
conftest.c:11:28: fatal error: ac_nonexistent.h: No such file or directory
 #include <ac_nonexistent.h>
                            ^
compilation terminated.
configure:4198: $? = 1
configure: failed program was:
| /* confdefs.h */
| #define PACKAGE_NAME "thunar-shares-plugin"
| #define PACKAGE_TARNAME "thunar-shares-plugin"
| #define PACKAGE_VERSION "0.2.1-git-UNKNOWN"
| #define PACKAGE_STRING "thunar-shares-plugin 0.2.1-git-UNKNOWN"
| #define PACKAGE_BUGREPORT "thunar-dev@xfce.org"
| #define PACKAGE_URL ""
| #define PACKAGE "thunar-shares-plugin"
| #define VERSION "0.2.1-git-UNKNOWN"
| /* end confdefs.h.  */
| #include <ac_nonexistent.h>
configure:4223: result: gcc -E
configure:4243: gcc -E  conftest.c
configure:4243: $? = 0
configure:4257: gcc -E  conftest.c
conftest.c:11:28: fatal error: ac_nonexistent.h: No such file or directory
 #include <ac_nonexistent.h>
                            ^
compilation terminated.
configure:4257: $? = 1
configure: failed program was:
| /* confdefs.h */
| #define PACKAGE_NAME "thunar-shares-plugin"
| #define PACKAGE_TARNAME "thunar-shares-plugin"
| #define PACKAGE_VERSION "0.2.1-git-UNKNOWN"
| #define PACKAGE_STRING "thunar-shares-plugin 0.2.1-git-UNKNOWN"
| #define PACKAGE_BUGREPORT "thunar-dev@xfce.org"
| #define PACKAGE_URL ""
| #define PACKAGE "thunar-shares-plugin"
| #define VERSION "0.2.1-git-UNKNOWN"
| /* end confdefs.h.  */
| #include <ac_nonexistent.h>
configure:4286: checking for grep that handles long lines and -e
configure:4344: result: /bin/grep
configure:4349: checking for egrep
configure:4411: result: /bin/grep -E
configure:4416: checking for ANSI C header files
configure:4436: gcc -c -g -O2  conftest.c >&5
configure:4436: $? = 0
configure:4509: gcc -o conftest -g -O2   conftest.c  >&5
configure:4509: $? = 0
configure:4509: ./conftest
configure:4509: $? = 0
configure:4520: result: yes
configure:4577: checking for gcc
configure:4604: result: gcc
configure:4833: checking for C compiler version
configure:4842: gcc --version >&5
gcc (Ubuntu 4.8.2-19ubuntu1) 4.8.2
Copyright (C) 2013 Free Software Foundation, Inc.
This is free software; see the source for copying conditions.  There is NO
warranty; not even for MERCHANTABILITY or FITNESS FOR A PARTICULAR PURPOSE.

configure:4853: $? = 0
configure:4842: gcc -v >&5
Using built-in specs.
COLLECT_GCC=gcc
COLLECT_LTO_WRAPPER=/usr/lib/gcc/x86_64-linux-gnu/4.8/lto-wrapper
Target: x86_64-linux-gnu
Configured with: ../src/configure -v --with-pkgversion='Ubuntu 4.8.2-19ubuntu1' --with-bugurl=file:///usr/share/doc/gcc-4.8/README.Bugs --enable-languages=c,c++,java,go,d,fortran,objc,obj-c++ --prefix=/usr --program-suffix=-4.8 --enable-shared --enable-linker-build-id --libexecdir=/usr/lib --without-included-gettext --enable-threads=posix --with-gxx-include-dir=/usr/include/c++/4.8 --libdir=/usr/lib --enable-nls --with-sysroot=/ --enable-clocale=gnu --enable-libstdcxx-debug --enable-libstdcxx-time=yes --enable-gnu-unique-object --disable-libmudflap --enable-plugin --with-system-zlib --disable-browser-plugin --enable-java-awt=gtk --enable-gtk-cairo --with-java-home=/usr/lib/jvm/java-1.5.0-gcj-4.8-amd64/jre --enable-java-home --with-jvm-root-dir=/usr/lib/jvm/java-1.5.0-gcj-4.8-amd64 --with-jvm-jar-dir=/usr/lib/jvm-exports/java-1.5.0-gcj-4.8-amd64 --with-arch-directory=amd64 --with-ecj-jar=/usr/share/java/eclipse-ecj.jar --enable-objc-gc --enable-multiarch --disable-werror --with-arch-32=i686 --with-abi=m64 --with-multilib-list=m32,m64,mx32 --with-tune=generic --enable-checking=release --build=x86_64-linux-gnu --host=x86_64-linux-gnu --target=x86_64-linux-gnu
Thread model: posix
gcc version 4.8.2 (Ubuntu 4.8.2-19ubuntu1) 
configure:4853: $? = 0
configure:4842: gcc -V >&5
gcc: error: unrecognized command line option '-V'
gcc: fatal error: no input files
compilation terminated.
configure:4853: $? = 4
configure:4842: gcc -qversion >&5
gcc: error: unrecognized command line option '-qversion'
gcc: fatal error: no input files
compilation terminated.
configure:4853: $? = 4
configure:4857: checking whether we are using the GNU C compiler
configure:4885: result: yes
configure:4894: checking whether gcc accepts -g
configure:4955: result: yes
configure:4972: checking for gcc option to accept ISO C89
configure:5048: result: none needed
configure:5073: checking whether gcc understands -c and -o together
configure:5110: result: yes
configure:5129: checking dependency style of gcc
configure:5240: result: gcc3
configure:5255: checking for a sed that does not truncate output
configure:5319: result: /bin/sed
configure:5337: checking for fgrep
configure:5399: result: /bin/grep -F
configure:5426: checking how to print strings
configure:5453: result: printf
configure:5486: checking for ld used by gcc
configure:5553: result: /usr/bin/ld
configure:5560: checking if the linker (/usr/bin/ld) is GNU ld
configure:5575: result: yes
configure:5630: checking for BSD- or MS-compatible name lister (nm)
configure:5679: result: /usr/bin/nm -B
configure:5809: checking the name lister (/usr/bin/nm -B) interface
configure:5816: gcc -c -g -O2  conftest.c >&5
configure:5819: /usr/bin/nm -B "conftest.o"
configure:5822: output
0000000000000000 B some_variable
configure:5829: result: BSD nm
configure:5832: checking whether ln -s works
configure:5836: result: yes
configure:5844: checking the maximum length of command line arguments
configure:5975: result: 1572864
configure:5992: checking whether the shell understands some XSI constructs
configure:6002: result: yes
configure:6006: checking whether the shell understands "+="
configure:6012: result: yes
configure:6047: checking how to convert x86_64-unknown-linux-gnu file names to x86_64-unknown-linux-gnu format
configure:6087: result: func_convert_file_noop
configure:6094: checking how to convert x86_64-unknown-linux-gnu file names to toolchain format
configure:6114: result: func_convert_file_noop
configure:6121: checking for /usr/bin/ld option to reload object files
configure:6128: result: -r
configure:6202: checking for objdump
configure:6218: found /usr/bin/objdump
configure:6229: result: objdump
configure:6261: checking how to recognize dependent libraries
configure:6459: result: pass_all
configure:6544: checking for dlltool
configure:6574: result: no
configure:6604: checking how to associate runtime and link libraries
configure:6631: result: printf %s\n
configure:6691: checking for ar
configure:6707: found /usr/bin/ar
configure:6718: result: ar
configure:6755: checking for archiver @FILE support
configure:6772: gcc -c -g -O2  conftest.c >&5
configure:6772: $? = 0
configure:6775: ar cru libconftest.a @conftest.lst >&5
configure:6778: $? = 0
configure:6783: ar cru libconftest.a @conftest.lst >&5
ar: conftest.o: No such file or directory
configure:6786: $? = 1
configure:6798: result: @
configure:6856: checking for strip
configure:6872: found /usr/bin/strip
configure:6883: result: strip
configure:6955: checking for ranlib
configure:6971: found /usr/bin/ranlib
configure:6982: result: ranlib
configure:7084: checking command to parse /usr/bin/nm -B output from gcc object
configure:7204: gcc -c -g -O2  conftest.c >&5
configure:7207: $? = 0
configure:7211: /usr/bin/nm -B conftest.o \| sed -n -e 's/^.*[ ]\([ABCDGIRSTW][ABCDGIRSTW]*\)[ ][ ]*\([_A-Za-z][_A-Za-z0-9]*\)$/\1 \2 \2/p' | sed '/ __gnu_lto/d' \> conftest.nm
configure:7214: $? = 0
configure:7280: gcc -o conftest -g -O2   conftest.c conftstm.o >&5
configure:7283: $? = 0
configure:7321: result: ok
configure:7358: checking for sysroot
configure:7388: result: no
configure:7465: gcc -c -g -O2  conftest.c >&5
configure:7468: $? = 0
configure:7657: checking for mt
configure:7673: found /bin/mt
configure:7684: result: mt
configure:7707: checking if mt is a manifest tool
configure:7713: mt '-?'
configure:7721: result: no
configure:8363: checking for sys/types.h
configure:8363: gcc -c -g -O2  conftest.c >&5
configure:8363: $? = 0
configure:8363: result: yes
configure:8363: checking for sys/stat.h
configure:8363: gcc -c -g -O2  conftest.c >&5
configure:8363: $? = 0
configure:8363: result: yes
configure:8363: checking for stdlib.h
configure:8363: gcc -c -g -O2  conftest.c >&5
configure:8363: $? = 0
configure:8363: result: yes
configure:8363: checking for string.h
configure:8363: gcc -c -g -O2  conftest.c >&5
configure:8363: $? = 0
configure:8363: result: yes
configure:8363: checking for memory.h
configure:8363: gcc -c -g -O2  conftest.c >&5
configure:8363: $? = 0
configure:8363: result: yes
configure:8363: checking for strings.h
configure:8363: gcc -c -g -O2  conftest.c >&5
configure:8363: $? = 0
configure:8363: result: yes
configure:8363: checking for inttypes.h
configure:8363: gcc -c -g -O2  conftest.c >&5
configure:8363: $? = 0
configure:8363: result: yes
configure:8363: checking for stdint.h
configure:8363: gcc -c -g -O2  conftest.c >&5
configure:8363: $? = 0
configure:8363: result: yes
configure:8363: checking for unistd.h
configure:8363: gcc -c -g -O2  conftest.c >&5
configure:8363: $? = 0
configure:8363: result: yes
configure:8377: checking for dlfcn.h
configure:8377: gcc -c -g -O2  conftest.c >&5
configure:8377: $? = 0
configure:8377: result: yes
configure:8583: checking for objdir
configure:8598: result: .libs
configure:8865: checking if gcc supports -fno-rtti -fno-exceptions
configure:8883: gcc -c -g -O2  -fno-rtti -fno-exceptions conftest.c >&5
cc1: warning: command line option '-fno-rtti' is valid for C++/ObjC++ but not for C [enabled by default]
configure:8887: $? = 0
configure:8900: result: no
configure:9227: checking for gcc option to produce PIC
configure:9234: result: -fPIC -DPIC
configure:9242: checking if gcc PIC flag -fPIC -DPIC works
configure:9260: gcc -c -g -O2  -fPIC -DPIC -DPIC conftest.c >&5
configure:9264: $? = 0
configure:9277: result: yes
configure:9306: checking if gcc static flag -static works
configure:9334: result: yes
configure:9349: checking if gcc supports -c -o file.o
configure:9370: gcc -c -g -O2  -o out/conftest2.o conftest.c >&5
configure:9374: $? = 0
configure:9396: result: yes
configure:9404: checking if gcc supports -c -o file.o
configure:9451: result: yes
configure:9484: checking whether the gcc linker (/usr/bin/ld -m elf_x86_64) supports shared libraries
configure:10641: result: yes
configure:10678: checking whether -lc should be explicitly linked in
configure:10686: gcc -c -g -O2  conftest.c >&5
configure:10689: $? = 0
configure:10704: gcc -shared  -fPIC -DPIC conftest.o  -v -Wl,-soname -Wl,conftest -o conftest 2\>\&1 \| /bin/grep  -lc  \>/dev/null 2\>\&1
configure:10707: $? = 0
configure:10721: result: no
configure:10881: checking dynamic linker characteristics
configure:11381: gcc -o conftest -g -O2   -Wl,-rpath -Wl,/foo conftest.c  >&5
configure:11381: $? = 0
configure:11615: result: GNU/Linux ld.so
configure:11722: checking how to hardcode library paths into programs
configure:11747: result: immediate
configure:12287: checking whether stripping libraries is possible
configure:12292: result: yes
configure:12327: checking if libtool supports shared libraries
configure:12329: result: yes
configure:12332: checking whether to build shared libraries
configure:12353: result: yes
configure:12356: checking whether to build static libraries
configure:12360: result: yes
configure:12398: checking whether NLS is requested
configure:12407: result: yes
configure:12425: checking for intltool >= 0.31
configure:12427: result: 0.50.2 found
configure:12435: checking for intltool-update
configure:12453: found /usr/bin/intltool-update
configure:12465: result: /usr/bin/intltool-update
configure:12475: checking for intltool-merge
configure:12493: found /usr/bin/intltool-merge
configure:12505: result: /usr/bin/intltool-merge
configure:12515: checking for intltool-extract
configure:12533: found /usr/bin/intltool-extract
configure:12545: result: /usr/bin/intltool-extract
configure:12699: checking for xgettext
configure:12717: found /usr/bin/xgettext
configure:12729: result: /usr/bin/xgettext
configure:12739: checking for msgmerge
configure:12757: found /usr/bin/msgmerge
configure:12769: result: /usr/bin/msgmerge
configure:12779: checking for msgfmt
configure:12797: found /usr/bin/msgfmt
configure:12809: result: /usr/bin/msgfmt
configure:12819: checking for gmsgfmt
configure:12850: result: /usr/bin/msgfmt
configure:12870: checking for perl
configure:12888: found /usr/bin/perl
configure:12900: result: /usr/bin/perl
configure:12911: checking for perl >= 5.8.1
configure:12918: result: 5.18.2
configure:12922: checking for XML::Parser
configure:12925: result: ok
configure:12950: gcc -o conftest -g -O2   conftest.c  >&5
configure:12950: $? = 0
configure:12980: checking for string.h
configure:12980: result: yes
configure:12980: checking for sys/types.h
configure:12980: result: yes
configure:12980: checking sys/wait.h usability
configure:12980: gcc -c -g -O2  conftest.c >&5
configure:12980: $? = 0
configure:12980: result: yes
configure:12980: checking sys/wait.h presence
configure:12980: gcc -E  conftest.c
configure:12980: $? = 0
configure:12980: result: yes
configure:12980: checking for sys/wait.h
configure:12980: result: yes
configure:12980: checking time.h usability
configure:12980: gcc -c -g -O2  conftest.c >&5
configure:12980: $? = 0
configure:12980: result: yes
configure:12980: checking time.h presence
configure:12980: gcc -E  conftest.c
configure:12980: $? = 0
configure:12980: result: yes
configure:12980: checking for time.h
configure:12980: result: yes
configure:12980: checking for sys/stat.h
configure:12980: result: yes
configure:12980: checking for unistd.h
configure:12980: result: yes
configure:13051: checking for pkg-config
configure:13069: found /usr/bin/pkg-config
configure:13081: result: /usr/bin/pkg-config
configure:13106: checking pkg-config is at least version 0.9.0
configure:13109: result: yes
configure:13131: checking for gtk+-2.0 >= 2.12.0
configure:13135: result: 2.24.23
configure:13138: checking GTK_CFLAGS
configure:13141: result: -pthread -I/usr/include/gtk-2.0 -I/usr/lib/x86_64-linux-gnu/gtk-2.0/include -I/usr/include/atk-1.0 -I/usr/include/cairo -I/usr/include/gdk-pixbuf-2.0 -I/usr/include/pango-1.0 -I/usr/include/gio-unix-2.0/ -I/usr/include/freetype2 -I/usr/include/glib-2.0 -I/usr/lib/x86_64-linux-gnu/glib-2.0/include -I/usr/include/pixman-1 -I/usr/include/libpng12 -I/usr/include/harfbuzz  
configure:13144: checking GTK_LIBS
configure:13147: result: -lgtk-x11-2.0 -lgdk-x11-2.0 -latk-1.0 -lgio-2.0 -lpangoft2-1.0 -lpangocairo-1.0 -lgdk_pixbuf-2.0 -lcairo -lpango-1.0 -lfontconfig -lgobject-2.0 -lglib-2.0 -lfreetype  
configure:13246: checking for pkg-config
configure:13276: result: /usr/bin/pkg-config
configure:13301: checking pkg-config is at least version 0.9.0
configure:13304: result: yes
configure:13326: checking for glib-2.0 >= 2.18.0
configure:13330: result: 2.40.2
configure:13333: checking GLIB_CFLAGS
configure:13336: result: -I/usr/include/glib-2.0 -I/usr/lib/x86_64-linux-gnu/glib-2.0/include  
configure:13339: checking GLIB_LIBS
configure:13342: result: -lglib-2.0  
configure:13441: checking for pkg-config
configure:13471: result: /usr/bin/pkg-config
configure:13496: checking pkg-config is at least version 0.9.0
configure:13499: result: yes
configure:13521: checking for thunarx-2 >= 1.0.1
configure:13525: result: 1.6.3
configure:13528: checking THUNARX_CFLAGS
configure:13531: result: -pthread -I/usr/include/thunarx-2 -I/usr/include/gtk-2.0 -I/usr/lib/x86_64-linux-gnu/gtk-2.0/include -I/usr/include/atk-1.0 -I/usr/include/cairo -I/usr/include/gdk-pixbuf-2.0 -I/usr/include/pango-1.0 -I/usr/include/gio-unix-2.0/ -I/usr/include/freetype2 -I/usr/include/glib-2.0 -I/usr/lib/x86_64-linux-gnu/glib-2.0/include -I/usr/include/pixman-1 -I/usr/include/libpng12 -I/usr/include/harfbuzz  
configure:13534: checking THUNARX_LIBS
configure:13537: result: -lthunarx-2 -lgtk-x11-2.0 -lgdk-x11-2.0 -latk-1.0 -lgio-2.0 -lpangoft2-1.0 -lpangocairo-1.0 -lgdk_pixbuf-2.0 -lcairo -lpango-1.0 -lfontconfig -lfreetype -lgobject-2.0 -lglib-2.0  
configure:13590: checking locale.h usability
configure:13590: gcc -c -g -O2  conftest.c >&5
configure:13590: $? = 0
configure:13590: result: yes
configure:13590: checking locale.h presence
configure:13590: gcc -E  conftest.c
configure:13590: $? = 0
configure:13590: result: yes
configure:13590: checking for locale.h
configure:13590: result: yes
configure:13601: checking for LC_MESSAGES
configure:13617: gcc -o conftest -g -O2   conftest.c  >&5
configure:13617: $? = 0
configure:13625: result: yes
configure:13642: checking libintl.h usability
configure:13642: gcc -c -g -O2  conftest.c >&5
configure:13642: $? = 0
configure:13642: result: yes
configure:13642: checking libintl.h presence
configure:13642: gcc -E  conftest.c
configure:13642: $? = 0
configure:13642: result: yes
configure:13642: checking for libintl.h
configure:13642: result: yes
configure:13650: checking for ngettext in libc
configure:13668: gcc -o conftest -g -O2   conftest.c  >&5
configure:13668: $? = 0
configure:13677: result: yes
configure:13681: checking for dgettext in libc
configure:13699: gcc -o conftest -g -O2   conftest.c  >&5
configure:13699: $? = 0
configure:13708: result: yes
configure:13715: checking for bind_textdomain_codeset
configure:13715: gcc -o conftest -g -O2   conftest.c  >&5
configure:13715: $? = 0
configure:13715: result: yes
configure:13991: checking for msgfmt
configure:14018: result: /usr/bin/msgfmt
configure:14029: checking for dcgettext
configure:14029: gcc -o conftest -g -O2   conftest.c   >&5
conftest.c:57:6: warning: conflicting types for built-in function 'dcgettext' [enabled by default]
 char dcgettext ();
      ^
configure:14029: $? = 0
configure:14029: result: yes
configure:14039: checking if msgfmt accepts -c
configure:14054: $MSGFMT -c -o /dev/null conftest.foo
conftest.foo:3: warning: header field 'Language' missing in header
configure:14057: $? = 0
configure:14059: result: yes
configure:14069: checking for gmsgfmt
configure:14100: result: /usr/bin/msgfmt
configure:14110: checking for xgettext
configure:14137: result: /usr/bin/xgettext
configure:14156: gcc -o conftest -g -O2   conftest.c   >&5
configure:14156: $? = 0
configure:14238: checking for catalogs to be installed
configure:14263: result:  ar ast bg ca cs da de el en_AU en_GB es eu fi fr gl hr hu id is it ja kk ko lt lv ms nb nl oc pl pt pt_BR ru sk sl sr sv tr ug uk ur ur_PK uz vi zh_CN zh_TW
configure:14296: checking for bind_textdomain_codeset
configure:14296: result: yes
configure:14302: checking for locales directory
configure:14318: result: ${datarootdir}/locale
configure:14322: checking for additional xgettext flags
configure:14330: result: --keyword=Q_ --from-code=UTF-8
configure:14341: checking whether to enable debugging support
configure:14381: checking whether /usr/bin/ld -m elf_x86_64 accepts -O1
configure:14386: result: yes
configure:14509: checking that generated files are newer than configure
configure:14515: result: done
configure:14550: creating ./config.status

## ---------------------- ##
## Running config.status. ##
## ---------------------- ##

This file was extended by thunar-shares-plugin config.status 0.2.1-git-UNKNOWN, which was
generated by GNU Autoconf 2.69.  Invocation command line was

  CONFIG_FILES    = 
  CONFIG_HEADERS  = 
  CONFIG_LINKS    = 
  CONFIG_COMMANDS = 
  $ ./config.status 

on linux-workstation

config.status:1204: creating Makefile
config.status:1204: creating po/Makefile.in
config.status:1204: creating libshares/Makefile
config.status:1204: creating thunar-plugin/Makefile
config.status:1204: creating config.h
config.status:1433: executing depfiles commands
config.status:1433: executing libtool commands
config.status:1433: executing default-1 commands
config.status:1433: executing po/stamp-it commands

## ---------------- ##
## Cache variables. ##
## ---------------- ##

ac_cv_build=x86_64-unknown-linux-gnu
ac_cv_c_compiler_gnu=yes
ac_cv_env_CC_set=
ac_cv_env_CC_value=
ac_cv_env_CFLAGS_set=
ac_cv_env_CFLAGS_value=
ac_cv_env_CPPFLAGS_set=
ac_cv_env_CPPFLAGS_value=
ac_cv_env_CPP_set=
ac_cv_env_CPP_value=
ac_cv_env_LDFLAGS_set=
ac_cv_env_LDFLAGS_value=
ac_cv_env_LIBS_set=
ac_cv_env_LIBS_value=
ac_cv_env_PKG_CONFIG_LIBDIR_set=
ac_cv_env_PKG_CONFIG_LIBDIR_value=
ac_cv_env_PKG_CONFIG_PATH_set=
ac_cv_env_PKG_CONFIG_PATH_value=
ac_cv_env_PKG_CONFIG_set=
ac_cv_env_PKG_CONFIG_value=
ac_cv_env_build_alias_set=
ac_cv_env_build_alias_value=
ac_cv_env_host_alias_set=
ac_cv_env_host_alias_value=
ac_cv_env_target_alias_set=
ac_cv_env_target_alias_value=
ac_cv_func_bind_textdomain_codeset=yes
ac_cv_func_dcgettext=yes
ac_cv_header_dlfcn_h=yes
ac_cv_header_inttypes_h=yes
ac_cv_header_libintl_h=yes
ac_cv_header_locale_h=yes
ac_cv_header_memory_h=yes
ac_cv_header_stdc=yes
ac_cv_header_stdint_h=yes
ac_cv_header_stdlib_h=yes
ac_cv_header_string_h=yes
ac_cv_header_strings_h=yes
ac_cv_header_sys_stat_h=yes
ac_cv_header_sys_types_h=yes
ac_cv_header_sys_wait_h=yes
ac_cv_header_time_h=yes
ac_cv_header_unistd_h=yes
ac_cv_host=x86_64-unknown-linux-gnu
ac_cv_objext=o
ac_cv_path_EGREP='/bin/grep -E'
ac_cv_path_FGREP='/bin/grep -F'
ac_cv_path_GMSGFMT=/usr/bin/msgfmt
ac_cv_path_GREP=/bin/grep
ac_cv_path_INTLTOOL_EXTRACT=/usr/bin/intltool-extract
ac_cv_path_INTLTOOL_MERGE=/usr/bin/intltool-merge
ac_cv_path_INTLTOOL_PERL=/usr/bin/perl
ac_cv_path_INTLTOOL_UPDATE=/usr/bin/intltool-update
ac_cv_path_MSGFMT=/usr/bin/msgfmt
ac_cv_path_MSGMERGE=/usr/bin/msgmerge
ac_cv_path_SED=/bin/sed
ac_cv_path_XGETTEXT=/usr/bin/xgettext
ac_cv_path_ac_pt_PKG_CONFIG=/usr/bin/pkg-config
ac_cv_path_install='/usr/bin/install -c'
ac_cv_path_mkdir=/bin/mkdir
ac_cv_prog_AWK=mawk
ac_cv_prog_CPP='gcc -E'
ac_cv_prog_ac_ct_AR=ar
ac_cv_prog_ac_ct_CC=gcc
ac_cv_prog_ac_ct_MANIFEST_TOOL=mt
ac_cv_prog_ac_ct_OBJDUMP=objdump
ac_cv_prog_ac_ct_RANLIB=ranlib
ac_cv_prog_ac_ct_STRIP=strip
ac_cv_prog_cc_c89=
ac_cv_prog_cc_g=yes
ac_cv_prog_make_make_set=yes
ac_cv_search_strerror='none required'
ac_cv_target=x86_64-unknown-linux-gnu
am_cv_CC_dependencies_compiler_type=gcc3
am_cv_make_support_nested_variables=yes
am_cv_prog_cc_c_o=yes
am_cv_val_LC_MESSAGES=yes
gt_cv_func_dgettext_libc=yes
gt_cv_func_dgettext_libintl=no
gt_cv_func_ngettext_libc=yes
gt_cv_have_gettext=yes
lt_cv_ar_at_file=@
lt_cv_archive_cmds_need_lc=no
lt_cv_deplibs_check_method=pass_all
lt_cv_file_magic_cmd='$MAGIC_CMD'
lt_cv_file_magic_test_file=
lt_cv_ld_reload_flag=-r
lt_cv_nm_interface='BSD nm'
lt_cv_objdir=.libs
lt_cv_path_LD=/usr/bin/ld
lt_cv_path_NM='/usr/bin/nm -B'
lt_cv_path_mainfest_tool=no
lt_cv_prog_compiler_c_o=yes
lt_cv_prog_compiler_pic='-fPIC -DPIC'
lt_cv_prog_compiler_pic_works=yes
lt_cv_prog_compiler_rtti_exceptions=no
lt_cv_prog_compiler_static_works=yes
lt_cv_prog_gnu_ld=yes
lt_cv_sharedlib_from_linklib_cmd='printf %s\n'
lt_cv_shlibpath_overrides_runpath=no
lt_cv_sys_global_symbol_pipe='sed -n -e '\''s/^.*[	 ]\([ABCDGIRSTW][ABCDGIRSTW]*\)[	 ][	 ]*\([_A-Za-z][_A-Za-z0-9]*\)$/\1 \2 \2/p'\'' | sed '\''/ __gnu_lto/d'\'''
lt_cv_sys_global_symbol_to_c_name_address='sed -n -e '\''s/^: \([^ ]*\)[ ]*$/  {\"\1\", (void *) 0},/p'\'' -e '\''s/^[ABCDGIRSTW]* \([^ ]*\) \([^ ]*\)$/  {"\2", (void *) \&\2},/p'\'''
lt_cv_sys_global_symbol_to_c_name_address_lib_prefix='sed -n -e '\''s/^: \([^ ]*\)[ ]*$/  {\"\1\", (void *) 0},/p'\'' -e '\''s/^[ABCDGIRSTW]* \([^ ]*\) \(lib[^ ]*\)$/  {"\2", (void *) \&\2},/p'\'' -e '\''s/^[ABCDGIRSTW]* \([^ ]*\) \([^ ]*\)$/  {"lib\2", (void *) \&\2},/p'\'''
lt_cv_sys_global_symbol_to_cdecl='sed -n -e '\''s/^T .* \(.*\)$/extern int \1();/p'\'' -e '\''s/^[ABCDGIRSTW]* .* \(.*\)$/extern char \1;/p'\'''
lt_cv_sys_max_cmd_len=1572864
lt_cv_to_host_file_cmd=func_convert_file_noop
lt_cv_to_tool_file_cmd=func_convert_file_noop
xdt_cv_PKG_CONFIG_MIN_VERSION=0.9.0

## ----------------- ##
## Output variables. ##
## ----------------- ##

ACLOCAL='${SHELL} /home/ricci/thunar-shares-plugin/missing aclocal-1.14'
ALL_LINGUAS='ar ast bg ca cs da de el en_AU en_GB es eu fi fr gl hr hu id is it ja kk ko lt lv ms nb nl oc pl pt pt_BR ru sk sl sr sv tr ug uk ur ur_PK uz vi zh_CN zh_TW '
AMDEPBACKSLASH='\'
AMDEP_FALSE='#'
AMDEP_TRUE=''
AMTAR='$${TAR-tar}'
AM_BACKSLASH='\'
AM_DEFAULT_V='$(AM_DEFAULT_VERBOSITY)'
AM_DEFAULT_VERBOSITY='1'
AM_V='$(V)'
AR='ar'
AUTOCONF='${SHELL} /home/ricci/thunar-shares-plugin/missing autoconf'
AUTOHEADER='${SHELL} /home/ricci/thunar-shares-plugin/missing autoheader'
AUTOMAKE='${SHELL} /home/ricci/thunar-shares-plugin/missing automake-1.14'
AWK='mawk'
CATALOGS=' ar.gmo ast.gmo bg.gmo ca.gmo cs.gmo da.gmo de.gmo el.gmo en_AU.gmo en_GB.gmo es.gmo eu.gmo fi.gmo fr.gmo gl.gmo hr.gmo hu.gmo id.gmo is.gmo it.gmo ja.gmo kk.gmo ko.gmo lt.gmo lv.gmo ms.gmo nb.gmo nl.gmo oc.gmo pl.gmo pt.gmo pt_BR.gmo ru.gmo sk.gmo sl.gmo sr.gmo sv.gmo tr.gmo ug.gmo uk.gmo ur.gmo ur_PK.gmo uz.gmo vi.gmo zh_CN.gmo zh_TW.gmo'
CATOBJEXT='.gmo'
CC='gcc'
CCDEPMODE='depmode=gcc3'
CFLAGS='-g -O2'
CPP='gcc -E'
CPPFLAGS=''
CYGPATH_W='echo'
DATADIRNAME='share'
DEFS='-DHAVE_CONFIG_H'
DEPDIR='.deps'
DLLTOOL='false'
DSYMUTIL=''
DUMPBIN=''
ECHO_C=''
ECHO_N='-n'
ECHO_T=''
EGREP='/bin/grep -E'
EXEEXT=''
FGREP='/bin/grep -F'
GETTEXT_PACKAGE='thunar-shares-plugin'
GLIB_CFLAGS='-I/usr/include/glib-2.0 -I/usr/lib/x86_64-linux-gnu/glib-2.0/include  '
GLIB_LIBS='-lglib-2.0  '
GLIB_REQUIRED_VERSION='2.18.0'
GLIB_VERSION='2.40.2'
GMOFILES=' ar.gmo ast.gmo bg.gmo ca.gmo cs.gmo da.gmo de.gmo el.gmo en_AU.gmo en_GB.gmo es.gmo eu.gmo fi.gmo fr.gmo gl.gmo hr.gmo hu.gmo id.gmo is.gmo it.gmo ja.gmo kk.gmo ko.gmo lt.gmo lv.gmo ms.gmo nb.gmo nl.gmo oc.gmo pl.gmo pt.gmo pt_BR.gmo ru.gmo sk.gmo sl.gmo sr.gmo sv.gmo tr.gmo ug.gmo uk.gmo ur.gmo ur_PK.gmo uz.gmo vi.gmo zh_CN.gmo zh_TW.gmo'
GMSGFMT='/usr/bin/msgfmt'
GREP='/bin/grep'
GTK_CFLAGS='-pthread -I/usr/include/gtk-2.0 -I/usr/lib/x86_64-linux-gnu/gtk-2.0/include -I/usr/include/atk-1.0 -I/usr/include/cairo -I/usr/include/gdk-pixbuf-2.0 -I/usr/include/pango-1.0 -I/usr/include/gio-unix-2.0/ -I/usr/include/freetype2 -I/usr/include/glib-2.0 -I/usr/lib/x86_64-linux-gnu/glib-2.0/include -I/usr/include/pixman-1 -I/usr/include/libpng12 -I/usr/include/harfbuzz  '
GTK_LIBS='-lgtk-x11-2.0 -lgdk-x11-2.0 -latk-1.0 -lgio-2.0 -lpangoft2-1.0 -lpangocairo-1.0 -lgdk_pixbuf-2.0 -lcairo -lpango-1.0 -lfontconfig -lgobject-2.0 -lglib-2.0 -lfreetype  '
GTK_REQUIRED_VERSION='2.12.0'
GTK_VERSION='2.24.23'
INSTALL_DATA='${INSTALL} -m 644'
INSTALL_PROGRAM='${INSTALL}'
INSTALL_SCRIPT='${INSTALL}'
INSTALL_STRIP_PROGRAM='$(install_sh) -c -s'
INSTOBJEXT='.mo'
INTLLIBS=''
INTLTOOL_CAVES_RULE='%.caves:     %.caves.in     $(INTLTOOL_MERGE) $(wildcard $(top_srcdir)/po/*.po) ; $(INTLTOOL_V_MERGE)LC_ALL=C $(INTLTOOL_MERGE) $(INTLTOOL_V_MERGE_OPTIONS) -d -u -c $(top_builddir)/po/.intltool-merge-cache $(top_srcdir)/po $< $@'
INTLTOOL_DESKTOP_RULE='%.desktop:   %.desktop.in   $(INTLTOOL_MERGE) $(wildcard $(top_srcdir)/po/*.po) ; $(INTLTOOL_V_MERGE)LC_ALL=C $(INTLTOOL_MERGE) $(INTLTOOL_V_MERGE_OPTIONS) -d -u -c $(top_builddir)/po/.intltool-merge-cache $(top_srcdir)/po $< $@'
INTLTOOL_DIRECTORY_RULE='%.directory: %.directory.in $(INTLTOOL_MERGE) $(wildcard $(top_srcdir)/po/*.po) ; $(INTLTOOL_V_MERGE)LC_ALL=C $(INTLTOOL_MERGE) $(INTLTOOL_V_MERGE_OPTIONS) -d -u -c $(top_builddir)/po/.intltool-merge-cache $(top_srcdir)/po $< $@'
INTLTOOL_EXTRACT='/usr/bin/intltool-extract'
INTLTOOL_KBD_RULE='%.kbd:       %.kbd.in       $(INTLTOOL_MERGE) $(wildcard $(top_srcdir)/po/*.po) ; $(INTLTOOL_V_MERGE)LC_ALL=C $(INTLTOOL_MERGE) $(INTLTOOL_V_MERGE_OPTIONS) -x -u -m -c $(top_builddir)/po/.intltool-merge-cache $(top_srcdir)/po $< $@'
INTLTOOL_KEYS_RULE='%.keys:      %.keys.in      $(INTLTOOL_MERGE) $(wildcard $(top_srcdir)/po/*.po) ; $(INTLTOOL_V_MERGE)LC_ALL=C $(INTLTOOL_MERGE) $(INTLTOOL_V_MERGE_OPTIONS) -k -u -c $(top_builddir)/po/.intltool-merge-cache $(top_srcdir)/po $< $@'
INTLTOOL_MERGE='/usr/bin/intltool-merge'
INTLTOOL_OAF_RULE='%.oaf:       %.oaf.in       $(INTLTOOL_MERGE) $(wildcard $(top_srcdir)/po/*.po) ; $(INTLTOOL_V_MERGE)LC_ALL=C $(INTLTOOL_MERGE) $(INTLTOOL_V_MERGE_OPTIONS) -o -p $(top_srcdir)/po $< $@'
INTLTOOL_PERL='/usr/bin/perl'
INTLTOOL_POLICY_RULE='%.policy:    %.policy.in    $(INTLTOOL_MERGE) $(wildcard $(top_srcdir)/po/*.po) ; $(INTLTOOL_V_MERGE)LC_ALL=C $(INTLTOOL_MERGE) $(INTLTOOL_V_MERGE_OPTIONS) -x -u -c $(top_builddir)/po/.intltool-merge-cache $(top_srcdir)/po $< $@'
INTLTOOL_PONG_RULE='%.pong:      %.pong.in      $(INTLTOOL_MERGE) $(wildcard $(top_srcdir)/po/*.po) ; $(INTLTOOL_V_MERGE)LC_ALL=C $(INTLTOOL_MERGE) $(INTLTOOL_V_MERGE_OPTIONS) -x -u -c $(top_builddir)/po/.intltool-merge-cache $(top_srcdir)/po $< $@'
INTLTOOL_PROP_RULE='%.prop:      %.prop.in      $(INTLTOOL_MERGE) $(wildcard $(top_srcdir)/po/*.po) ; $(INTLTOOL_V_MERGE)LC_ALL=C $(INTLTOOL_MERGE) $(INTLTOOL_V_MERGE_OPTIONS) -d -u -c $(top_builddir)/po/.intltool-merge-cache $(top_srcdir)/po $< $@'
INTLTOOL_SCHEMAS_RULE='%.schemas:   %.schemas.in   $(INTLTOOL_MERGE) $(wildcard $(top_srcdir)/po/*.po) ; $(INTLTOOL_V_MERGE)LC_ALL=C $(INTLTOOL_MERGE) $(INTLTOOL_V_MERGE_OPTIONS) -s -u -c $(top_builddir)/po/.intltool-merge-cache $(top_srcdir)/po $< $@'
INTLTOOL_SERVER_RULE='%.server:    %.server.in    $(INTLTOOL_MERGE) $(wildcard $(top_srcdir)/po/*.po) ; $(INTLTOOL_V_MERGE)LC_ALL=C $(INTLTOOL_MERGE) $(INTLTOOL_V_MERGE_OPTIONS) -o -u -c $(top_builddir)/po/.intltool-merge-cache $(top_srcdir)/po $< $@'
INTLTOOL_SERVICE_RULE='%.service: %.service.in   $(INTLTOOL_MERGE) $(wildcard $(top_srcdir)/po/*.po) ; $(INTLTOOL_V_MERGE)LC_ALL=C $(INTLTOOL_MERGE) $(INTLTOOL_V_MERGE_OPTIONS) -d -u -c $(top_builddir)/po/.intltool-merge-cache $(top_srcdir)/po $< $@'
INTLTOOL_SHEET_RULE='%.sheet:     %.sheet.in     $(INTLTOOL_MERGE) $(wildcard $(top_srcdir)/po/*.po) ; $(INTLTOOL_V_MERGE)LC_ALL=C $(INTLTOOL_MERGE) $(INTLTOOL_V_MERGE_OPTIONS) -x -u -c $(top_builddir)/po/.intltool-merge-cache $(top_srcdir)/po $< $@'
INTLTOOL_SOUNDLIST_RULE='%.soundlist: %.soundlist.in $(INTLTOOL_MERGE) $(wildcard $(top_srcdir)/po/*.po) ; $(INTLTOOL_V_MERGE)LC_ALL=C $(INTLTOOL_MERGE) $(INTLTOOL_V_MERGE_OPTIONS) -d -u -c $(top_builddir)/po/.intltool-merge-cache $(top_srcdir)/po $< $@'
INTLTOOL_THEME_RULE='%.theme:     %.theme.in     $(INTLTOOL_MERGE) $(wildcard $(top_srcdir)/po/*.po) ; $(INTLTOOL_V_MERGE)LC_ALL=C $(INTLTOOL_MERGE) $(INTLTOOL_V_MERGE_OPTIONS) -d -u -c $(top_builddir)/po/.intltool-merge-cache $(top_srcdir)/po $< $@'
INTLTOOL_UI_RULE='%.ui:        %.ui.in        $(INTLTOOL_MERGE) $(wildcard $(top_srcdir)/po/*.po) ; $(INTLTOOL_V_MERGE)LC_ALL=C $(INTLTOOL_MERGE) $(INTLTOOL_V_MERGE_OPTIONS) -x -u -c $(top_builddir)/po/.intltool-merge-cache $(top_srcdir)/po $< $@'
INTLTOOL_UPDATE='/usr/bin/intltool-update'
INTLTOOL_V_MERGE='$(INTLTOOL__v_MERGE_$(V))'
INTLTOOL_V_MERGE_OPTIONS='$(intltool__v_merge_options_$(V))'
INTLTOOL_XAM_RULE='%.xam:       %.xml.in       $(INTLTOOL_MERGE) $(wildcard $(top_srcdir)/po/*.po) ; $(INTLTOOL_V_MERGE)LC_ALL=C $(INTLTOOL_MERGE) $(INTLTOOL_V_MERGE_OPTIONS) -x -u -c $(top_builddir)/po/.intltool-merge-cache $(top_srcdir)/po $< $@'
INTLTOOL_XML_NOMERGE_RULE='%.xml:       %.xml.in       $(INTLTOOL_MERGE) ; $(INTLTOOL_V_MERGE)LC_ALL=C $(INTLTOOL_MERGE) $(INTLTOOL_V_MERGE_OPTIONS) -x -u --no-translations $< $@'
INTLTOOL_XML_RULE='%.xml:       %.xml.in       $(INTLTOOL_MERGE) $(wildcard $(top_srcdir)/po/*.po) ; $(INTLTOOL_V_MERGE)LC_ALL=C $(INTLTOOL_MERGE) $(INTLTOOL_V_MERGE_OPTIONS) -x -u -c $(top_builddir)/po/.intltool-merge-cache $(top_srcdir)/po $< $@'
INTLTOOL__v_MERGE_0='@echo "  ITMRG " $@;'
INTLTOOL__v_MERGE_='$(INTLTOOL__v_MERGE_$(AM_DEFAULT_VERBOSITY))'
LD='/usr/bin/ld -m elf_x86_64'
LDFLAGS=''
LIBOBJS=''
LIBS=''
LIBTOOL='$(SHELL) $(top_builddir)/libtool'
LIPO=''
LN_S='ln -s'
LTLIBOBJS=''
MAINT=''
MAINTAINER_MODE_FALSE='#'
MAINTAINER_MODE_TRUE=''
MAKEINFO='${SHELL} /home/ricci/thunar-shares-plugin/missing makeinfo'
MANIFEST_TOOL=':'
MKDIR_P='/bin/mkdir -p'
MKINSTALLDIRS='./mkinstalldirs'
MSGFMT='/usr/bin/msgfmt'
MSGFMT_OPTS='-c'
MSGMERGE='/usr/bin/msgmerge'
NM='/usr/bin/nm -B'
NMEDIT=''
OBJDUMP='objdump'
OBJEXT='o'
OTOOL64=''
OTOOL=''
PACKAGE='thunar-shares-plugin'
PACKAGE_BUGREPORT='thunar-dev@xfce.org'
PACKAGE_NAME='thunar-shares-plugin'
PACKAGE_STRING='thunar-shares-plugin 0.2.1-git-UNKNOWN'
PACKAGE_TARNAME='thunar-shares-plugin'
PACKAGE_URL=''
PACKAGE_VERSION='0.2.1-git-UNKNOWN'
PATH_SEPARATOR=':'
PKG_CONFIG='/usr/bin/pkg-config'
PKG_CONFIG_LIBDIR=''
PKG_CONFIG_PATH=''
PLATFORM_CFLAGS=''
PLATFORM_CPPFLAGS=' -DG_DISABLE_CAST_CHECKS -DG_DISABLE_ASSERT -DG_DISABLE_CHECKS'
PLATFORM_LDFLAGS=' -Wl,-O1'
POFILES=' ar.po ast.po bg.po ca.po cs.po da.po de.po el.po en_AU.po en_GB.po es.po eu.po fi.po fr.po gl.po hr.po hu.po id.po is.po it.po ja.po kk.po ko.po lt.po lv.po ms.po nb.po nl.po oc.po pl.po pt.po pt_BR.po ru.po sk.po sl.po sr.po sv.po tr.po ug.po uk.po ur.po ur_PK.po uz.po vi.po zh_CN.po zh_TW.po'
POSUB='po'
PO_IN_DATADIR_FALSE=''
PO_IN_DATADIR_TRUE=''
RANLIB='ranlib'
SED='/bin/sed'
SET_MAKE=''
SHELL='/bin/bash'
STRIP='strip'
THUNARX_CFLAGS='-pthread -I/usr/include/thunarx-2 -I/usr/include/gtk-2.0 -I/usr/lib/x86_64-linux-gnu/gtk-2.0/include -I/usr/include/atk-1.0 -I/usr/include/cairo -I/usr/include/gdk-pixbuf-2.0 -I/usr/include/pango-1.0 -I/usr/include/gio-unix-2.0/ -I/usr/include/freetype2 -I/usr/include/glib-2.0 -I/usr/lib/x86_64-linux-gnu/glib-2.0/include -I/usr/include/pixman-1 -I/usr/include/libpng12 -I/usr/include/harfbuzz  '
THUNARX_LIBS='-lthunarx-2 -lgtk-x11-2.0 -lgdk-x11-2.0 -latk-1.0 -lgio-2.0 -lpangoft2-1.0 -lpangocairo-1.0 -lgdk_pixbuf-2.0 -lcairo -lpango-1.0 -lfontconfig -lfreetype -lgobject-2.0 -lglib-2.0  '
THUNARX_REQUIRED_VERSION='1.0.1'
THUNARX_VERSION='1.6.3'
USE_NLS='yes'
VERSION='0.2.1-git-UNKNOWN'
XGETTEXT='/usr/bin/xgettext'
XGETTEXT_ARGS='--keyword=Q_ --from-code=UTF-8'
ac_ct_AR='ar'
ac_ct_CC='gcc'
ac_ct_DUMPBIN=''
am__EXEEXT_FALSE=''
am__EXEEXT_TRUE='#'
am__fastdepCC_FALSE='#'
am__fastdepCC_TRUE=''
am__include='include'
am__isrc=''
am__leading_dot='.'
am__nodep='_no'
am__quote=''
am__tar='$${TAR-tar} chof - "$$tardir"'
am__untar='$${TAR-tar} xf -'
bindir='${exec_prefix}/bin'
build='x86_64-unknown-linux-gnu'
build_alias=''
build_cpu='x86_64'
build_os='linux-gnu'
build_vendor='unknown'
datadir='${datarootdir}'
datarootdir='${prefix}/share'
docdir='${datarootdir}/doc/${PACKAGE_TARNAME}'
dvidir='${docdir}'
exec_prefix='${prefix}'
host='x86_64-unknown-linux-gnu'
host_alias=''
host_cpu='x86_64'
host_os='linux-gnu'
host_vendor='unknown'
htmldir='${docdir}'
includedir='${prefix}/include'
infodir='${datarootdir}/info'
install_sh='${SHELL} /home/ricci/thunar-shares-plugin/install-sh'
intltool__v_merge_options_0='-q'
intltool__v_merge_options_='$(intltool__v_merge_options_$(AM_DEFAULT_VERBOSITY))'
libdir='${exec_prefix}/lib'
libexecdir='${exec_prefix}/libexec'
localedir='${datarootdir}/locale'
localstatedir='${prefix}/var'
mandir='${datarootdir}/man'
mkdir_p='$(MKDIR_P)'
oldincludedir='/usr/include'
pdfdir='${docdir}'
prefix='/usr'
program_transform_name='s,x,x,'
psdir='${docdir}'
sbindir='${exec_prefix}/sbin'
sharedstatedir='${prefix}/com'
sysconfdir='${prefix}/etc'
target='x86_64-unknown-linux-gnu'
target_alias=''
target_cpu='x86_64'
target_os='linux-gnu'
target_vendor='unknown'

## ----------- ##
## confdefs.h. ##
## ----------- ##

/* confdefs.h */
#define PACKAGE_NAME "thunar-shares-plugin"
#define PACKAGE_TARNAME "thunar-shares-plugin"
#define PACKAGE_VERSION "0.2.1-git-UNKNOWN"
#define PACKAGE_STRING "thunar-shares-plugin 0.2.1-git-UNKNOWN"
#define PACKAGE_BUGREPORT "thunar-dev@xfce.org"
#define PACKAGE_URL ""
#define PACKAGE "thunar-shares-plugin"
#define VERSION "0.2.1-git-UNKNOWN"
#define STDC_HEADERS 1
#define HAVE_SYS_TYPES_H 1
#define HAVE_SYS_STAT_H 1
#define HAVE_STDLIB_H 1
#define HAVE_STRING_H 1
#define HAVE_MEMORY_H 1
#define HAVE_STRINGS_H 1
#define HAVE_INTTYPES_H 1
#define HAVE_STDINT_H 1
#define HAVE_UNISTD_H 1
#define HAVE_DLFCN_H 1
#define LT_OBJDIR ".libs/"
#define HAVE_STRING_H 1
#define HAVE_SYS_TYPES_H 1
#define HAVE_SYS_WAIT_H 1
#define HAVE_TIME_H 1
#define HAVE_SYS_STAT_H 1
#define HAVE_UNISTD_H 1
#define GETTEXT_PACKAGE "thunar-shares-plugin"
#define HAVE_LOCALE_H 1
#define HAVE_LC_MESSAGES 1
#define HAVE_BIND_TEXTDOMAIN_CODESET 1
#define HAVE_GETTEXT 1
#define HAVE_DCGETTEXT 1
#define ENABLE_NLS 1

configure: exit 0

## ---------------------- ##
## Running config.status. ##
## ---------------------- ##

This file was extended by thunar-shares-plugin config.status 0.2.1-git-UNKNOWN, which was
generated by GNU Autoconf 2.69.  Invocation command line was

  CONFIG_FILES    = 
  CONFIG_HEADERS  = 
  CONFIG_LINKS    = 
  CONFIG_COMMANDS = 
  $ ./config.status config.h

on linux-workstation

config.status:1204: creating config.h
config.status:1385: config.h is unchanged
